[20:07:19] [Server thread/INFO]: Starting minecraft server version 1.8.8
[20:07:19] [Server thread/INFO]: Loading properties
[20:07:19] [Server thread/INFO]: Default game type: ADVENTURE
[20:07:19] [Server thread/INFO]: This server is running CraftBukkit version git-Spigot-21fe707-741a1bd (MC: 1.8.8) (Implementing API version 1.8.8-R0.1-SNAPSHOT)
[20:07:19] [Server thread/INFO]: Debug logging is disabled
[20:07:19] [Server thread/INFO]: Using 4 threads for Netty based IO
[20:07:19] [Server thread/INFO]: Server Ping Player Sample Count: 12
[20:07:19] [Server thread/INFO]: Generating keypair
[20:07:19] [Server thread/INFO]: Starting Minecraft server on 127.0.0.1:25566
[20:07:19] [Server thread/INFO]: Using default channel type
[20:07:20] [Server thread/INFO]: Set PluginClassLoader as parallel capable
[20:07:20] [Server thread/INFO]: [PermissionsEx] Loading PermissionsEx v1.22.7-SNAPSHOT
[20:07:20] [Server thread/WARN]: [PermissionsEx] This server is in offline mode. Unless this server is configured to integrate with a supported proxy (see http://dft.ba/-8ous), UUIDs *may not be stable*!
[20:07:20] [Server thread/INFO]: [NoWeather] Loading NoWeather v2.0
[20:07:20] [Server thread/INFO]: [WorldEdit] Loading WorldEdit v6.1.3;7a097ca
[20:07:20] [Server thread/INFO]: [CS-CoreLib] Loading CS-CoreLib v1.5.12
[20:07:20] [Server thread/INFO]: [KnockIt] Loading KnockIt v1.0
[20:07:20] [Server thread/INFO]: [MiRespawn] Loading MiRespawn v1.3.2
[20:07:20] [Server thread/INFO]: [ProtocolLib] Loading ProtocolLib v4.1.0
[20:07:20] [Server thread/INFO]: [RankPrefixPlus] Loading RankPrefixPlus v1.7.2
[20:07:20] [Server thread/INFO]: [Spectator] Loading Spectator v1.3.4
[20:07:20] [Server thread/INFO]: [ProtocolLib] Enabling ProtocolLib v4.1.0
[20:07:20] [Server thread/INFO]: [ProtocolLib] Started structure compiler thread.
[20:07:20] [Server thread/WARN]: **** SERVER IS RUNNING IN OFFLINE/INSECURE MODE!
[20:07:20] [Server thread/WARN]: The server will make no attempt to authenticate usernames. Beware.
[20:07:20] [Server thread/WARN]: Whilst this makes it possible to use BungeeCord, unless access to your server is properly restricted, it also opens up the ability for hackers to connect with any username they choose.
[20:07:20] [Server thread/WARN]: Please see http://www.spigotmc.org/wiki/firewall-guide/ for further information.
[20:07:20] [Server thread/WARN]: To change this, set "online-mode" to "true" in the server.properties file.
[20:07:20] [Server thread/INFO]: **** Beginning UUID conversion, this may take A LONG time ****
[20:07:20] [Server thread/INFO]: Preparing level "world"
[20:07:20] [Server thread/INFO]: -------- World Settings For [world] --------
[20:07:20] [Server thread/INFO]: Nerfing mobs spawned from spawners: false
[20:07:20] [Server thread/INFO]: Entity Activation Range: An 32 / Mo 32 / Mi 16
[20:07:20] [Server thread/INFO]: Cactus Growth Modifier: 100%
[20:07:20] [Server thread/INFO]: Cane Growth Modifier: 100%
[20:07:20] [Server thread/INFO]: Melon Growth Modifier: 100%
[20:07:20] [Server thread/INFO]: Mushroom Growth Modifier: 100%
[20:07:20] [Server thread/INFO]: Pumpkin Growth Modifier: 100%
[20:07:20] [Server thread/INFO]: Sapling Growth Modifier: 100%
[20:07:20] [Server thread/INFO]: Wheat Growth Modifier: 100%
[20:07:20] [Server thread/INFO]: NetherWart Growth Modifier: 100%
[20:07:20] [Server thread/INFO]: Random Lighting Updates: false
[20:07:20] [Server thread/INFO]: Structure Info Saving: true
[20:07:20] [Server thread/INFO]: Mob Spawn Range: 4
[20:07:20] [Server thread/INFO]: Anti X-Ray: true
[20:07:20] [Server thread/INFO]: 	Engine Mode: 1
[20:07:20] [Server thread/INFO]: 	Hidden Blocks: [14, 15, 16, 21, 48, 49, 54, 56, 73, 74, 82, 129, 130]
[20:07:20] [Server thread/INFO]: 	Replace Blocks: [1, 5]
[20:07:20] [Server thread/INFO]: Entity Tracking Range: Pl 48 / An 48 / Mo 48 / Mi 32 / Other 64
[20:07:20] [Server thread/INFO]: Hopper Transfer: 8 Hopper Check: 8 Hopper Amount: 1
[20:07:20] [Server thread/INFO]: Allow Zombie Pigmen to spawn from portal blocks: true
[20:07:20] [Server thread/INFO]: Arrow Despawn Rate: 1200
[20:07:20] [Server thread/INFO]: Item Despawn Rate: 6000
[20:07:20] [Server thread/INFO]: Item Merge Radius: 2.5
[20:07:20] [Server thread/INFO]: Chunks to Grow per Tick: 650
[20:07:20] [Server thread/INFO]: Clear tick list: false
[20:07:20] [Server thread/INFO]: Experience Merge Radius: 3.0
[20:07:20] [Server thread/INFO]: Zombie Aggressive Towards Villager: true
[20:07:20] [Server thread/INFO]: View Distance: 10
[20:07:20] [Server thread/INFO]: Max Entity Collisions: 8
[20:07:20] [Server thread/INFO]: Custom Map Seeds:  Village: 10387312 Feature: 14357617
[20:07:20] [Server thread/INFO]: Tile Max Tick Time: 50ms Entity max Tick Time: 50ms
[20:07:20] [Server thread/INFO]: Max TNT Explosions: 100
[20:07:20] [Server thread/INFO]: Sending up to 10 chunks per packet
[20:07:20] [Server thread/INFO]: Preparing start region for level 0 (Seed: 5941612010757044687)
[20:07:21] [Server thread/INFO]: [PermissionsEx] Enabling PermissionsEx v1.22.7-SNAPSHOT
[20:07:21] [Server thread/INFO]: [PermissionsEx] Initializing sql backend
[20:07:21] [Server thread/ERROR]: [PermissionsEx] 
========== UNABLE TO LOAD PERMISSIONS BACKEND =========
Your configuration must be fixed before PEX will enable
Details: Unable to connect to SQL database
=======================================================
ru.tehkode.permissions.exceptions.PermissionBackendException: Unable to connect to SQL database
	at ru.tehkode.permissions.backends.sql.SQLBackend.<init>(SQLBackend.java:117) ~[PermissionsEx.jar:?]
	at sun.reflect.NativeConstructorAccessorImpl.newInstance0(Native Method) ~[?:1.8.0_312]
	at sun.reflect.NativeConstructorAccessorImpl.newInstance(NativeConstructorAccessorImpl.java:62) ~[?:1.8.0_312]
	at sun.reflect.DelegatingConstructorAccessorImpl.newInstance(DelegatingConstructorAccessorImpl.java:45) ~[?:1.8.0_312]
	at java.lang.reflect.Constructor.newInstance(Constructor.java:423) ~[?:1.8.0_312]
	at ru.tehkode.permissions.backends.PermissionBackend.getBackend(PermissionBackend.java:392) ~[PermissionsEx.jar:?]
	at ru.tehkode.permissions.backends.PermissionBackend.getBackend(PermissionBackend.java:367) ~[PermissionsEx.jar:?]
	at ru.tehkode.permissions.PermissionManager.createBackend(PermissionManager.java:624) ~[PermissionsEx.jar:?]
	at ru.tehkode.permissions.PermissionManager.setBackend(PermissionManager.java:606) ~[PermissionsEx.jar:?]
	at ru.tehkode.permissions.PermissionManager.initBackend(PermissionManager.java:693) ~[PermissionsEx.jar:?]
	at ru.tehkode.permissions.PermissionManager.<init>(PermissionManager.java:67) ~[PermissionsEx.jar:?]
	at ru.tehkode.permissions.bukkit.PermissionsEx.onEnable(PermissionsEx.java:164) [PermissionsEx.jar:?]
	at org.bukkit.plugin.java.JavaPlugin.setEnabled(JavaPlugin.java:321) [spigot-1.8.8.jar:git-Spigot-21fe707-741a1bd]
	at org.bukkit.plugin.java.JavaPluginLoader.enablePlugin(JavaPluginLoader.java:340) [spigot-1.8.8.jar:git-Spigot-21fe707-741a1bd]
	at org.bukkit.plugin.SimplePluginManager.enablePlugin(SimplePluginManager.java:405) [spigot-1.8.8.jar:git-Spigot-21fe707-741a1bd]
	at org.bukkit.craftbukkit.v1_8_R3.CraftServer.loadPlugin(CraftServer.java:357) [spigot-1.8.8.jar:git-Spigot-21fe707-741a1bd]
	at org.bukkit.craftbukkit.v1_8_R3.CraftServer.enablePlugins(CraftServer.java:317) [spigot-1.8.8.jar:git-Spigot-21fe707-741a1bd]
	at net.minecraft.server.v1_8_R3.MinecraftServer.s(MinecraftServer.java:414) [spigot-1.8.8.jar:git-Spigot-21fe707-741a1bd]
	at net.minecraft.server.v1_8_R3.MinecraftServer.k(MinecraftServer.java:378) [spigot-1.8.8.jar:git-Spigot-21fe707-741a1bd]
	at net.minecraft.server.v1_8_R3.MinecraftServer.a(MinecraftServer.java:333) [spigot-1.8.8.jar:git-Spigot-21fe707-741a1bd]
	at net.minecraft.server.v1_8_R3.DedicatedServer.init(DedicatedServer.java:263) [spigot-1.8.8.jar:git-Spigot-21fe707-741a1bd]
	at net.minecraft.server.v1_8_R3.MinecraftServer.run(MinecraftServer.java:525) [spigot-1.8.8.jar:git-Spigot-21fe707-741a1bd]
	at java.lang.Thread.run(Thread.java:748) [?:1.8.0_312]
Caused by: java.sql.SQLException: Access denied for user 'pex'@'localhost' (using password: YES)
	at com.mysql.jdbc.SQLError.createSQLException(SQLError.java:1073) ~[spigot-1.8.8.jar:git-Spigot-21fe707-741a1bd]
	at com.mysql.jdbc.MysqlIO.checkErrorPacket(MysqlIO.java:3593) ~[spigot-1.8.8.jar:git-Spigot-21fe707-741a1bd]
	at com.mysql.jdbc.MysqlIO.checkErrorPacket(MysqlIO.java:3525) ~[spigot-1.8.8.jar:git-Spigot-21fe707-741a1bd]
	at com.mysql.jdbc.MysqlIO.checkErrorPacket(MysqlIO.java:931) ~[spigot-1.8.8.jar:git-Spigot-21fe707-741a1bd]
	at com.mysql.jdbc.MysqlIO.secureAuth411(MysqlIO.java:4031) ~[spigot-1.8.8.jar:git-Spigot-21fe707-741a1bd]
	at com.mysql.jdbc.MysqlIO.doHandshake(MysqlIO.java:1296) ~[spigot-1.8.8.jar:git-Spigot-21fe707-741a1bd]
	at com.mysql.jdbc.ConnectionImpl.coreConnect(ConnectionImpl.java:2338) ~[spigot-1.8.8.jar:git-Spigot-21fe707-741a1bd]
	at com.mysql.jdbc.ConnectionImpl.connectOneTryOnly(ConnectionImpl.java:2371) ~[spigot-1.8.8.jar:git-Spigot-21fe707-741a1bd]
	at com.mysql.jdbc.ConnectionImpl.createNewIO(ConnectionImpl.java:2163) ~[spigot-1.8.8.jar:git-Spigot-21fe707-741a1bd]
	at com.mysql.jdbc.ConnectionImpl.<init>(ConnectionImpl.java:794) ~[spigot-1.8.8.jar:git-Spigot-21fe707-741a1bd]
	at com.mysql.jdbc.JDBC4Connection.<init>(JDBC4Connection.java:47) ~[spigot-1.8.8.jar:git-Spigot-21fe707-741a1bd]
	at sun.reflect.NativeConstructorAccessorImpl.newInstance0(Native Method) ~[?:1.8.0_312]
	at sun.reflect.NativeConstructorAccessorImpl.newInstance(NativeConstructorAccessorImpl.java:62) ~[?:1.8.0_312]
	at sun.reflect.DelegatingConstructorAccessorImpl.newInstance(DelegatingConstructorAccessorImpl.java:45) ~[?:1.8.0_312]
	at java.lang.reflect.Constructor.newInstance(Constructor.java:423) ~[?:1.8.0_312]
	at com.mysql.jdbc.Util.handleNewInstance(Util.java:407) ~[spigot-1.8.8.jar:git-Spigot-21fe707-741a1bd]
	at com.mysql.jdbc.ConnectionImpl.getInstance(ConnectionImpl.java:378) ~[spigot-1.8.8.jar:git-Spigot-21fe707-741a1bd]
	at com.mysql.jdbc.NonRegisteringDriver.connect(NonRegisteringDriver.java:305) ~[spigot-1.8.8.jar:git-Spigot-21fe707-741a1bd]
	at ru.tehkode.libs.org.apache.commons.dbcp.DriverConnectionFactory.createConnection(DriverConnectionFactory.java:38) ~[?:?]
	at ru.tehkode.libs.org.apache.commons.dbcp.PoolableConnectionFactory.makeObject(PoolableConnectionFactory.java:582) ~[?:?]
	at ru.tehkode.libs.org.apache.commons.dbcp.BasicDataSource.validateConnectionFactory(BasicDataSource.java:1556) ~[?:?]
	at ru.tehkode.libs.org.apache.commons.dbcp.BasicDataSource.createPoolableConnectionFactory(BasicDataSource.java:1545) ~[?:?]
	at ru.tehkode.libs.org.apache.commons.dbcp.BasicDataSource.createDataSource(BasicDataSource.java:1388) ~[?:?]
	at ru.tehkode.libs.org.apache.commons.dbcp.BasicDataSource.getConnection(BasicDataSource.java:1044) ~[?:?]
	at ru.tehkode.permissions.backends.sql.SQLBackend.getSQL(SQLBackend.java:239) ~[?:?]
	at ru.tehkode.permissions.backends.sql.SQLBackend.<init>(SQLBackend.java:111) ~[?:?]
	... 22 more
[20:07:21] [Server thread/INFO]: [PermissionsEx] Disabling PermissionsEx v1.22.7-SNAPSHOT
[20:07:21] [Server thread/INFO]: [NoWeather] Enabling NoWeather v2.0
[20:07:21] [Server thread/INFO]: [NoWeather] Invalid world in config: world_nether
[20:07:21] [Server thread/INFO]: [NoWeather] Invalid world in config: world_the_end
[20:07:21] [Server thread/INFO]: [WorldEdit] Enabling WorldEdit v6.1.3;7a097ca
[20:07:21] [Server thread/INFO]: WEPIF: Updated config file
[20:07:21] [Server thread/INFO]: WEPIF: Using the Bukkit Permissions API.
[20:07:21] [Server thread/INFO]: [WorldEdit] Using com.sk89q.worldedit.bukkit.adapter.impl.Spigot_v1_8_R3 as the Bukkit adapter
[20:07:21] [Server thread/INFO]: [CS-CoreLib] Enabling CS-CoreLib v1.5.12
[20:07:21] [Server thread/INFO]: [KnockIt] Enabling KnockIt v1.0
[20:07:21] [Server thread/INFO]: [KNOCKIT] Knockit wurde gestartet!
[20:07:25] [Server thread/WARN]: com.mysql.jdbc.exceptions.jdbc4.MySQLNonTransientConnectionException: Could not create connection to database server. Attempted reconnect 3 times. Giving up.
[20:07:25] [Server thread/WARN]: 	at sun.reflect.NativeConstructorAccessorImpl.newInstance0(Native Method)
[20:07:25] [Server thread/WARN]: 	at sun.reflect.NativeConstructorAccessorImpl.newInstance(NativeConstructorAccessorImpl.java:62)
[20:07:25] [Server thread/WARN]: 	at sun.reflect.DelegatingConstructorAccessorImpl.newInstance(DelegatingConstructorAccessorImpl.java:45)
[20:07:25] [Server thread/WARN]: 	at java.lang.reflect.Constructor.newInstance(Constructor.java:423)
[20:07:25] [Server thread/WARN]: 	at com.mysql.jdbc.Util.handleNewInstance(Util.java:407)
[20:07:25] [Server thread/WARN]: 	at com.mysql.jdbc.Util.getInstance(Util.java:382)
[20:07:25] [Server thread/WARN]: 	at com.mysql.jdbc.SQLError.createSQLException(SQLError.java:1013)
[20:07:25] [Server thread/WARN]: 	at com.mysql.jdbc.SQLError.createSQLException(SQLError.java:987)
[20:07:25] [Server thread/WARN]: 	at com.mysql.jdbc.SQLError.createSQLException(SQLError.java:982)
[20:07:25] [Server thread/WARN]: 	at com.mysql.jdbc.SQLError.createSQLException(SQLError.java:927)
[20:07:25] [Server thread/WARN]: 	at com.mysql.jdbc.ConnectionImpl.connectWithRetries(ConnectionImpl.java:2239)
[20:07:25] [Server thread/WARN]: 	at com.mysql.jdbc.ConnectionImpl.createNewIO(ConnectionImpl.java:2168)
[20:07:25] [Server thread/WARN]: 	at com.mysql.jdbc.ConnectionImpl.<init>(ConnectionImpl.java:794)
[20:07:25] [Server thread/WARN]: 	at com.mysql.jdbc.JDBC4Connection.<init>(JDBC4Connection.java:47)
[20:07:25] [Server thread/WARN]: 	at sun.reflect.NativeConstructorAccessorImpl.newInstance0(Native Method)
[20:07:25] [Server thread/WARN]: 	at sun.reflect.NativeConstructorAccessorImpl.newInstance(NativeConstructorAccessorImpl.java:62)
[20:07:25] [Server thread/WARN]: 	at sun.reflect.DelegatingConstructorAccessorImpl.newInstance(DelegatingConstructorAccessorImpl.java:45)
[20:07:25] [Server thread/WARN]: 	at java.lang.reflect.Constructor.newInstance(Constructor.java:423)
[20:07:25] [Server thread/WARN]: 	at com.mysql.jdbc.Util.handleNewInstance(Util.java:407)
[20:07:25] [Server thread/WARN]: 	at com.mysql.jdbc.ConnectionImpl.getInstance(ConnectionImpl.java:378)
[20:07:25] [Server thread/WARN]: 	at com.mysql.jdbc.NonRegisteringDriver.connect(NonRegisteringDriver.java:305)
[20:07:25] [Server thread/WARN]: 	at java.sql.DriverManager.getConnection(DriverManager.java:664)
[20:07:25] [Server thread/WARN]: 	at java.sql.DriverManager.getConnection(DriverManager.java:270)
[20:07:25] [Server thread/WARN]: 	at me.coredtv.knockit.main.mysql.MySQL.connect(MySQL.java:30)
[20:07:25] [Server thread/WARN]: 	at me.coredtv.knockit.main.KnockIt.onEnable(KnockIt.java:39)
[20:07:25] [Server thread/WARN]: 	at org.bukkit.plugin.java.JavaPlugin.setEnabled(JavaPlugin.java:321)
[20:07:25] [Server thread/WARN]: 	at org.bukkit.plugin.java.JavaPluginLoader.enablePlugin(JavaPluginLoader.java:340)
[20:07:25] [Server thread/WARN]: 	at org.bukkit.plugin.SimplePluginManager.enablePlugin(SimplePluginManager.java:405)
[20:07:25] [Server thread/WARN]: 	at org.bukkit.craftbukkit.v1_8_R3.CraftServer.loadPlugin(CraftServer.java:357)
[20:07:25] [Server thread/WARN]: 	at org.bukkit.craftbukkit.v1_8_R3.CraftServer.enablePlugins(CraftServer.java:317)
[20:07:25] [Server thread/WARN]: 	at net.minecraft.server.v1_8_R3.MinecraftServer.s(MinecraftServer.java:414)
[20:07:25] [Server thread/WARN]: 	at net.minecraft.server.v1_8_R3.MinecraftServer.k(MinecraftServer.java:378)
[20:07:25] [Server thread/WARN]: 	at net.minecraft.server.v1_8_R3.MinecraftServer.a(MinecraftServer.java:333)
[20:07:25] [Server thread/WARN]: 	at net.minecraft.server.v1_8_R3.DedicatedServer.init(DedicatedServer.java:263)
[20:07:25] [Server thread/WARN]: 	at net.minecraft.server.v1_8_R3.MinecraftServer.run(MinecraftServer.java:525)
[20:07:25] [Server thread/WARN]: 	at java.lang.Thread.run(Thread.java:748)
[20:07:25] [Server thread/WARN]: Caused by: java.sql.SQLException: Access denied for user 'pex'@'localhost' (using password: YES)
[20:07:25] [Server thread/WARN]: 	at com.mysql.jdbc.SQLError.createSQLException(SQLError.java:1073)
[20:07:25] [Server thread/WARN]: 	at com.mysql.jdbc.MysqlIO.checkErrorPacket(MysqlIO.java:3593)
[20:07:25] [Server thread/WARN]: 	at com.mysql.jdbc.MysqlIO.checkErrorPacket(MysqlIO.java:3525)
[20:07:25] [Server thread/WARN]: 	at com.mysql.jdbc.MysqlIO.checkErrorPacket(MysqlIO.java:931)
[20:07:25] [Server thread/WARN]: 	at com.mysql.jdbc.MysqlIO.secureAuth411(MysqlIO.java:4031)
[20:07:25] [Server thread/WARN]: 	at com.mysql.jdbc.MysqlIO.doHandshake(MysqlIO.java:1296)
[20:07:25] [Server thread/WARN]: 	at com.mysql.jdbc.ConnectionImpl.coreConnect(ConnectionImpl.java:2338)
[20:07:25] [Server thread/WARN]: 	at com.mysql.jdbc.ConnectionImpl.connectWithRetries(ConnectionImpl.java:2186)
[20:07:25] [Server thread/WARN]: 	... 25 more
[20:07:25] [Server thread/INFO]: [MiRespawn] Enabling MiRespawn v1.3.2
[20:07:25] [Server thread/INFO]: [MiRespawn] Load success
[20:07:25] [Server thread/INFO]: [RankPrefixPlus] Enabling RankPrefixPlus v1.7.2
[20:07:25] [Server thread/INFO]: [Spectator] Enabling Spectator v1.3.4
[20:07:25] [Server thread/INFO]: Server permissions file permissions.yml is empty, ignoring it
[20:07:25] [Server thread/INFO]: Done (5,096s)! For help, type "help" or "?"
[20:07:27] [Thread-8/WARN]: [ProtocolLib] Failed to check for updates: java.io.IOException: Server returned HTTP response code: 403 for URL: https://www.spigotmc.org/api/general.php
[20:07:27] [Server thread/INFO]: [0;33;1m[ProtocolLib] The updater found an update, and has readied it to be loaded the next time the server restarts/reloads.[m
[20:07:31] [Thread-7/WARN]: [CS-CoreLib - Updater] Could not connect to BukkitDev, is it down?
[20:08:05] [Thread-9/INFO]: UUID of player ChrischiMc is b6fe8bea-48f3-4def-b64c-2026455e4056
[20:08:05] [Server thread/INFO]: ChrischiMc[/127.0.0.1:51824] logged in with entity id 0 at ([world]-1027.4483585388887, 27.0, -843.6394666513968)
